<?xml version="1.0" encoding="UTF-8"?>
<testsuite xmlns:xsi="http://www.w3.org/2001/XMLSchema-instance" xsi:noNamespaceSchemaLocation="https://maven.apache.org/surefire/maven-surefire-plugin/xsd/surefire-test-report-3.0.xsd" version="3.0" name="LkBiographyTest" time="97.135" tests="1" errors="0" skipped="0" failures="1">
  <properties>
[...]
</properties>
  <testcase name="saveControl" classname="LkBiographyTest" time="96.532">
    <failure message="Element is empty ==&gt; expected: &lt;true&gt; but was: &lt;false&gt;" type="org.opentest4j.AssertionFailedError"><![CDATA[org.opentest4j.AssertionFailedError: Element is empty ==> expected: <true> but was: <false>
	at org.junit.jupiter.api.AssertionFailureBuilder.build(AssertionFailureBuilder.java:151)
	at org.junit.jupiter.api.AssertionFailureBuilder.buildAndThrow(AssertionFailureBuilder.java:132)
	at org.junit.jupiter.api.AssertTrue.failNotTrue(AssertTrue.java:63)
	at org.junit.jupiter.api.AssertTrue.assertTrue(AssertTrue.java:36)
	at org.junit.jupiter.api.Assertions.assertTrue(Assertions.java:214)
	at components.lk_biogpaphy.ContactInfo.controlSaveContactInformation(ContactInfo.java:49)
	at LkBiographyTest.saveControl(LkBiographyTest.java:115)
	at java.base/java.lang.reflect.Method.invoke(Method.java:580)
	at java.base/java.util.ArrayList.forEach(ArrayList.java:1596)
	at java.base/java.util.ArrayList.forEach(ArrayList.java:1596)
]]></failure>
    <system-out><![CDATA[[22:40:48.489] | INFO  | main                             | Autotest                         | Open browser
[22:40:54.288] | INFO  | main                             | Autotest                         | Login button pressed
[22:40:54.811] | INFO  | main                             | Autotest                         | Button Ok
[22:40:56.954] | INFO  | main                             | Autotest                         | Authorization completed
[22:40:57.085] | INFO  | main                             | Autotest                         | Owl button hovered
[22:41:40.287] | INFO  | main                             | Autotest                         | LK is open
[22:42:23.024] | INFO  | main                             | Autotest                         | Tab About_Me selected 
[22:42:23.585] | INFO  | main                             | Autotest                         | Close browser
]]></system-out>
  </testcase>
</testsuite>